

17/03/2024, 13:52:46: Error: cannot make turn: i = 6, j = 6, table:
0 0 0 0 0 0 0 0 0 0 
0 0 0 0 0 0 0 0 0 0 
0 0 0 0 0 0 0 0 0 0 
0 0 0 0 0 0 0 0 3 0 
4 4 4 4 4 4 4 4 4 3 
4 4 4 4 4 4 4 4 3 4 
2 2 2 2 2 2 2 1 2 2 
2 2 2 2 2 2 2 2 2 2 
2 2 2 2 2 2 2 2 2 2 
2 2 2 2 2 2 2 2 2 2 

17/03/2024, 13:54:15: Error: cannot make turn: i = 6, j = 6, table:
0 0 0 0 0 0 0 0 0 0 
0 0 0 0 0 0 0 0 0 0 
0 0 0 0 0 0 0 0 0 0 
0 0 0 0 0 0 0 0 3 0 
4 4 4 4 4 4 4 4 4 3 
4 4 4 4 4 4 4 4 3 4 
2 2 2 2 2 2 2 1 2 2 
2 2 2 2 2 2 2 2 2 2 
2 2 2 2 2 2 2 2 2 2 
2 2 2 2 2 2 2 2 2 2 
